<?xml version="1.0" encoding="UTF-8"?>
<!-- Generated by org.testng.reporters.JUnitReportReporter -->
<testsuite hostname="DESKTOP-C2NQTD1" failures="0" tests="1" name="tests.SearchTest" time="3.012" errors="0" timestamp="2022-06-10T16:43:28 EET" skipped="0">
  <testcase classname="tests.SearchTest" name="UserCanRegisterSuccssfully" time="3.012"/>
  <system-out/>
</testsuite> <!-- tests.SearchTest -->
